0 info it worked if it ends with ok
1 verbose cli [ 'C:\\Program Files\\nodejs\\node.exe',
1 verbose cli   'C:\\Program Files\\nodejs\\node_modules\\npm\\bin\\npm-cli.js',
1 verbose cli   'run',
1 verbose cli   'build-prod' ]
2 info using npm@3.10.10
3 info using node@v6.11.1
4 verbose run-script [ 'prebuild-prod', 'build-prod', 'postbuild-prod' ]
5 info lifecycle client@1.0.0~prebuild-prod: client@1.0.0
6 silly lifecycle client@1.0.0~prebuild-prod: no script for prebuild-prod, continuing
7 info lifecycle client@1.0.0~build-prod: client@1.0.0
8 verbose lifecycle client@1.0.0~build-prod: unsafe-perm in lifecycle true
9 verbose lifecycle client@1.0.0~build-prod: PATH: C:\Program Files\nodejs\node_modules\npm\bin\node-gyp-bin;C:\Users\Saulo\webp\projeto-webpack\client\node_modules\.bin;C:\ProgramData\Oracle\Java\javapath;C:\Windows\system32;C:\Windows;C:\Windows\System32\Wbem;C:\Windows\System32\WindowsPowerShell\v1.0\;C:\Program Files\Java\jdk1.8.0_121\bin;C:\ProgramData\chocolatey\bin;C:\Program Files\MiKTeX 2.9\miktex\bin\;C:\Program Files\Git\cmd;C:\Program Files\nodejs\;C:\Users\Saulo\AppData\Local\Programs\Python\Python37-32\Scripts\;C:\Users\Saulo\AppData\Local\Programs\Python\Python37-32\;C:\Ruby24\bin;C:\tools\cmder;C:\Users\Saulo\AppData\Local\atom\bin;C:\Users\Saulo\AppData\Roaming\npm;C:\Program Files\Microsoft VS Code\bin
10 verbose lifecycle client@1.0.0~build-prod: CWD: C:\Users\Saulo\webp\projeto-webpack\client
11 silly lifecycle client@1.0.0~build-prod: Args: [ '/d /s /c', 'webpack -p --config webpack.config.js' ]
12 silly lifecycle client@1.0.0~build-prod: Returned: code: 2  signal: null
13 info lifecycle client@1.0.0~build-prod: Failed to exec build-prod script
14 verbose stack Error: client@1.0.0 build-prod: `webpack -p --config webpack.config.js`
14 verbose stack Exit status 2
14 verbose stack     at EventEmitter.<anonymous> (C:\Program Files\nodejs\node_modules\npm\lib\utils\lifecycle.js:255:16)
14 verbose stack     at emitTwo (events.js:106:13)
14 verbose stack     at EventEmitter.emit (events.js:191:7)
14 verbose stack     at ChildProcess.<anonymous> (C:\Program Files\nodejs\node_modules\npm\lib\utils\spawn.js:40:14)
14 verbose stack     at emitTwo (events.js:106:13)
14 verbose stack     at ChildProcess.emit (events.js:191:7)
14 verbose stack     at maybeClose (internal/child_process.js:891:16)
14 verbose stack     at Process.ChildProcess._handle.onexit (internal/child_process.js:226:5)
15 verbose pkgid client@1.0.0
16 verbose cwd C:\Users\Saulo\webp\projeto-webpack\client
17 error Windows_NT 6.1.7601
18 error argv "C:\\Program Files\\nodejs\\node.exe" "C:\\Program Files\\nodejs\\node_modules\\npm\\bin\\npm-cli.js" "run" "build-prod"
19 error node v6.11.1
20 error npm  v3.10.10
21 error code ELIFECYCLE
22 error client@1.0.0 build-prod: `webpack -p --config webpack.config.js`
22 error Exit status 2
23 error Failed at the client@1.0.0 build-prod script 'webpack -p --config webpack.config.js'.
23 error Make sure you have the latest version of node.js and npm installed.
23 error If you do, this is most likely a problem with the client package,
23 error not with npm itself.
23 error Tell the author that this fails on your system:
23 error     webpack -p --config webpack.config.js
23 error You can get information on how to open an issue for this project with:
23 error     npm bugs client
23 error Or if that isn't available, you can get their info via:
23 error     npm owner ls client
23 error There is likely additional logging output above.
24 verbose exit [ 1, true ]
